<?xml version="1.0" encoding="UTF-8"?>
<robot generator="Robot 6.0.2 (Python 3.10.12 on linux)" generated="20231002 11:19:39.664" rpa="false" schemaversion="3">
<suite id="s1" name="Homepage" source="/home/nazira/automation/selenium-robot-framework/tests/Somethinc/homepage.robot">
<test id="s1-t1" name="Buka Sometihnc" line="5">
<kw name="Buka Browser" library="homepage">
<kw name="Open Browser" library="SeleniumLibrary">
<arg>browser=${Chrome}</arg>
<arg>url=${Homepage Somethinc}</arg>
<doc>Opens a new browser instance to the optional ``url``.</doc>
<msg timestamp="20231002 11:19:39.756" level="INFO">Opening browser 'Chrome' to base url 'https://somethinc.com/en'.</msg>
<msg timestamp="20231002 11:19:40.502" level="INFO">Cannot capture screenshot because no browser is open.</msg>
<msg timestamp="20231002 11:19:40.502" level="FAIL">SessionNotCreatedException: Message: session not created: Chrome failed to start: exited normally.
  (session not created: DevToolsActivePort file doesn't exist)
  (The process started from chrome location /snap/chromium/2642/usr/lib/chromium-browser/chrome is no longer running, so ChromeDriver is assuming that Chrome has crashed.)
Stacktrace:
#0 0x557575689c83 &lt;unknown&gt;
#1 0x557575376d27 &lt;unknown&gt;
#2 0x5575753a9881 &lt;unknown&gt;
#3 0x5575753a51fa &lt;unknown&gt;
#4 0x5575753e7a53 &lt;unknown&gt;
#5 0x5575753de673 &lt;unknown&gt;
#6 0x5575753b1642 &lt;unknown&gt;
#7 0x5575753b242e &lt;unknown&gt;
#8 0x557575652d0d &lt;unknown&gt;
#9 0x557575656e14 &lt;unknown&gt;
#10 0x5575756600d8 &lt;unknown&gt;
#11 0x557575657630 &lt;unknown&gt;
#12 0x55757562777e &lt;unknown&gt;
#13 0x557575678878 &lt;unknown&gt;
#14 0x557575678a74 &lt;unknown&gt;
#15 0x557575688da8 &lt;unknown&gt;
#16 0x7fbbb1344b43 &lt;unknown&gt;
</msg>
<status status="FAIL" starttime="20231002 11:19:39.756" endtime="20231002 11:19:40.503"/>
</kw>
<kw name="Title Should Be" library="SeleniumLibrary">
<arg>title=${Tittle Homepage}</arg>
<doc>Verifies that the current page title equals ``title``.</doc>
<status status="NOT RUN" starttime="20231002 11:19:40.503" endtime="20231002 11:19:40.503"/>
</kw>
<status status="FAIL" starttime="20231002 11:19:39.756" endtime="20231002 11:19:40.503"/>
</kw>
<status status="FAIL" starttime="20231002 11:19:39.755" endtime="20231002 11:19:40.504">SessionNotCreatedException: Message: session not created: Chrome failed to start: exited normally.
  (session not created: DevToolsActivePort file doesn't exist)
  (The process started from chrome location /snap/chromium/2642/usr/lib/chromium-browser/chrome is no longer running, so ChromeDriver is assuming that Chrome has crashed.)
Stacktrace:
#0 0x557575689c83 &lt;unknown&gt;
#1 0x557575376d27 &lt;unknown&gt;
#2 0x5575753a9881 &lt;unknown&gt;
#3 0x5575753a51fa &lt;unknown&gt;
#4 0x5575753e7a53 &lt;unknown&gt;
#5 0x5575753de673 &lt;unknown&gt;
#6 0x5575753b1642 &lt;unknown&gt;
#7 0x5575753b242e &lt;unknown&gt;
#8 0x557575652d0d &lt;unknown&gt;
#9 0x557575656e14 &lt;unknown&gt;
#10 0x5575756600d8 &lt;unknown&gt;
#11 0x557575657630 &lt;unknown&gt;
#12 0x55757562777e &lt;unknown&gt;
#13 0x557575678878 &lt;unknown&gt;
#14 0x557575678a74 &lt;unknown&gt;
#15 0x557575688da8 &lt;unknown&gt;
#16 0x7fbbb1344b43 &lt;unknown&gt;
</status>
</test>
<status status="FAIL" starttime="20231002 11:19:39.665" endtime="20231002 11:19:40.504"/>
</suite>
<statistics>
<total>
<stat pass="0" fail="1" skip="0">All Tests</stat>
</total>
<tag>
</tag>
<suite>
<stat pass="0" fail="1" skip="0" id="s1" name="Homepage">Homepage</stat>
</suite>
</statistics>
<errors>
</errors>
</robot>
